Registering webhook...
Registering webhook... dev
path... https://api.twitter.com/1.1/account_activity/all/dev/webhooks.json
Registering webhook... dev
path,hook_url https://api.twitter.com/1.1/account_activity/all/dev/webhooks.json https://2f6cf468.ngrok.io/webhook/twitter
Registering webhook... dev
path,hook_url https://api.twitter.com/1.1/account_activity/all/dev/webhooks.json https://2f6cf468.ngrok.io/webhook/twitter
Registering webhook... dev
Registering webhook... dev
Registering webhook... dev
path,hook_url https://api.twitter.com/1.1/account_activity/all/dev/webhooks.json https://2f6cf468.ngrok.io/webhook/twitter
Registering webhook... dev
path,hook_url https://api.twitter.com/1.1/account_activity/all/dev/webhooks.json https://2f6cf468.ngrok.io/webhook/twitter
resp &{400 Bad Request 400 HTTP/2.0 2 0 map[Cache-Control:[no-cache, no-store, must-revalidate, pre-check=0, post-check=0] Content-Disposition:[attachment; filename=json.json] Content-Type:[application/json; charset=utf-8] Date:[Mon, 04 Nov 2019 22:36:34 GMT] Expires:[Tue, 31 Mar 1981 05:00:00 GMT] Last-Modified:[Mon, 04 Nov 2019 22:36:34 GMT] Pragma:[no-cache] Server:[tsa_a] Set-Cookie:[personalization_id="v1_f/rZy0qG58BL1UvnoMenqg=="; Max-Age=63072000; Expires=Wed, 3 Nov 2021 22:36:34 GMT; Path=/; Domain=.twitter.com guest_id=v1%3A157290699424799315; Max-Age=63072000; Expires=Wed, 3 Nov 2021 22:36:34 GMT; Path=/; Domain=.twitter.com] Strict-Transport-Security:[max-age=631138519] X-Connection-Hash:[340c8e87a4cbfdc5a050bfd04a33fac2] X-Content-Type-Options:[nosniff] X-Frame-Options:[SAMEORIGIN] X-Response-Time:[569] X-Tsa-Request-Body-Time:[0] X-Xss-Protection:[0]] 0xc000170780 -1 [] false true map[] 0xc000176100 0xc0003520b0}
Registering webhook... dev
path,hook_url https://api.twitter.com/1.1/account_activity/all/dev/webhooks.json https://2f6cf468.ngrok.io/webhook/twitter
resp &{400 Bad Request 400 HTTP/2.0 2 0 map[Cache-Control:[no-cache, no-store, must-revalidate, pre-check=0, post-check=0] Content-Disposition:[attachment; filename=json.json] Content-Type:[application/json; charset=utf-8] Date:[Mon, 04 Nov 2019 22:41:08 GMT] Expires:[Tue, 31 Mar 1981 05:00:00 GMT] Last-Modified:[Mon, 04 Nov 2019 22:41:08 GMT] Pragma:[no-cache] Server:[tsa_a] Set-Cookie:[personalization_id="v1_WrTE7uEG5yTYHOGFdiW/lg=="; Max-Age=63072000; Expires=Wed, 3 Nov 2021 22:41:08 GMT; Path=/; Domain=.twitter.com guest_id=v1%3A157290726803880996; Max-Age=63072000; Expires=Wed, 3 Nov 2021 22:41:08 GMT; Path=/; Domain=.twitter.com] Strict-Transport-Security:[max-age=631138519] X-Connection-Hash:[d08be71cb8d57b0ba4efc43c0d66f7da] X-Content-Type-Options:[nosniff] X-Frame-Options:[SAMEORIGIN] X-Response-Time:[599] X-Tsa-Request-Body-Time:[0] X-Xss-Protection:[0]] 0xc0000a4990 -1 [] false true map[] 0xc0000de500 0xc0001c20b0}
Registering webhook... dev
path,hook_url https://api.twitter.com/1.1/account_activity/all/dev/webhooks.json https://2f6cf468.ngrok.io/webhook/twitter
resp &{400 Bad Request 400 HTTP/2.0 2 0 map[Cache-Control:[no-cache, no-store, must-revalidate, pre-check=0, post-check=0] Content-Disposition:[attachment; filename=json.json] Content-Type:[application/json; charset=utf-8] Date:[Mon, 04 Nov 2019 22:44:04 GMT] Expires:[Tue, 31 Mar 1981 05:00:00 GMT] Last-Modified:[Mon, 04 Nov 2019 22:44:04 GMT] Pragma:[no-cache] Server:[tsa_a] Set-Cookie:[personalization_id="v1_lhghRhOrdCVkFeEO5i3www=="; Max-Age=63072000; Expires=Wed, 3 Nov 2021 22:44:04 GMT; Path=/; Domain=.twitter.com guest_id=v1%3A157290744413906920; Max-Age=63072000; Expires=Wed, 3 Nov 2021 22:44:04 GMT; Path=/; Domain=.twitter.com] Strict-Transport-Security:[max-age=631138519] X-Connection-Hash:[fb49f07d166982f1f3cd4aaae6ef0697] X-Content-Type-Options:[nosniff] X-Frame-Options:[SAMEORIGIN] X-Response-Time:[498] X-Tsa-Request-Body-Time:[0] X-Xss-Protection:[0]] 0xc0004b1cb0 -1 [] false true map[] 0xc0000ca600 0xc0001ae0b0}
Registering webhook... dev
Registering webhook... dev
Registering webhook... dev
path,hook_url https://api.twitter.com/1.1/account_activity/all/dev/webhooks.json https://2f6cf468.ngrok.io/webhook/twitter
resp &{400 Bad Request 400 HTTP/2.0 2 0 map[Cache-Control:[no-cache, no-store, must-revalidate, pre-check=0, post-check=0] Content-Disposition:[attachment; filename=json.json] Content-Type:[application/json; charset=utf-8] Date:[Mon, 04 Nov 2019 23:00:30 GMT] Expires:[Tue, 31 Mar 1981 05:00:00 GMT] Last-Modified:[Mon, 04 Nov 2019 23:00:30 GMT] Pragma:[no-cache] Server:[tsa_a] Set-Cookie:[personalization_id="v1_DLr1060CZqVs3EGvAGuCJA=="; Max-Age=63072000; Expires=Wed, 3 Nov 2021 23:00:30 GMT; Path=/; Domain=.twitter.com guest_id=v1%3A157290842978923741; Max-Age=63072000; Expires=Wed, 3 Nov 2021 23:00:30 GMT; Path=/; Domain=.twitter.com] Strict-Transport-Security:[max-age=631138519] X-Connection-Hash:[0bfd5d75707fab04c9dce1b818b1770f] X-Content-Type-Options:[nosniff] X-Frame-Options:[SAMEORIGIN] X-Response-Time:[456] X-Tsa-Request-Body-Time:[1] X-Xss-Protection:[0]] 0xc00009cb40 -1 [] false true map[] 0xc00016a100 0xc0003940b0}
Registering webhook... dev
path,hook_url https://api.twitter.com/1.1/account_activity/all/dev/webhooks.json https://2f6cf468.ngrok.io/webhook/twitter
resp &{400 Bad Request 400 HTTP/2.0 2 0 map[Cache-Control:[no-cache, no-store, must-revalidate, pre-check=0, post-check=0] Content-Disposition:[attachment; filename=json.json] Content-Type:[application/json; charset=utf-8] Date:[Mon, 04 Nov 2019 23:09:07 GMT] Expires:[Tue, 31 Mar 1981 05:00:00 GMT] Last-Modified:[Mon, 04 Nov 2019 23:09:07 GMT] Pragma:[no-cache] Server:[tsa_a] Set-Cookie:[personalization_id="v1_lhYMOXG2j2M/2vbEREFapA=="; Max-Age=63072000; Expires=Wed, 3 Nov 2021 23:09:07 GMT; Path=/; Domain=.twitter.com guest_id=v1%3A157290894703855230; Max-Age=63072000; Expires=Wed, 3 Nov 2021 23:09:07 GMT; Path=/; Domain=.twitter.com] Strict-Transport-Security:[max-age=631138519] X-Connection-Hash:[634a29a7212c31d70a2d495b4964f063] X-Content-Type-Options:[nosniff] X-Frame-Options:[SAMEORIGIN] X-Response-Time:[562] X-Tsa-Request-Body-Time:[0] X-Xss-Protection:[0]] 0xc000132720 -1 [] false true map[] 0xc0000be700 0xc0003d00b0}
Registering webhook... dev
path,hook_url https://api.twitter.com/1.1/account_activity/all/dev/webhooks.json https://2f6cf468.ngrok.io/webhook/twitter
resp &{400 Bad Request 400 HTTP/2.0 2 0 map[Cache-Control:[no-cache, no-store, must-revalidate, pre-check=0, post-check=0] Content-Disposition:[attachment; filename=json.json] Content-Type:[application/json; charset=utf-8] Date:[Mon, 04 Nov 2019 23:23:48 GMT] Expires:[Tue, 31 Mar 1981 05:00:00 GMT] Last-Modified:[Mon, 04 Nov 2019 23:23:48 GMT] Pragma:[no-cache] Server:[tsa_a] Set-Cookie:[personalization_id="v1_+ZKCD0N7JM4xv2T4RYUypQ=="; Max-Age=63072000; Expires=Wed, 3 Nov 2021 23:23:48 GMT; Path=/; Domain=.twitter.com guest_id=v1%3A157290982834938044; Max-Age=63072000; Expires=Wed, 3 Nov 2021 23:23:48 GMT; Path=/; Domain=.twitter.com] Strict-Transport-Security:[max-age=631138519] X-Connection-Hash:[bbecfc44d43dd343ff823c052b8fbd41] X-Content-Type-Options:[nosniff] X-Frame-Options:[SAMEORIGIN] X-Response-Time:[431] X-Tsa-Request-Body-Time:[0] X-Xss-Protection:[0]] 0xc00034e0f0 -1 [] false true map[] 0xc0000d4500 0xc0002480b0}
Registering webhook... dev
path,hook_url https://api.twitter.com/1.1/account_activity/all/dev/webhooks.json https://2f6cf468.ngrok.io/webhook/twitter
resp &{400 Bad Request 400 HTTP/2.0 2 0 map[Cache-Control:[no-cache, no-store, must-revalidate, pre-check=0, post-check=0] Content-Disposition:[attachment; filename=json.json] Content-Type:[application/json; charset=utf-8] Date:[Tue, 05 Nov 2019 01:55:15 GMT] Expires:[Tue, 31 Mar 1981 05:00:00 GMT] Last-Modified:[Tue, 05 Nov 2019 01:55:15 GMT] Pragma:[no-cache] Server:[tsa_a] Set-Cookie:[personalization_id="v1_Mj1UP8EaLla+v7/louGUlA=="; Max-Age=63072000; Expires=Thu, 4 Nov 2021 01:55:15 GMT; Path=/; Domain=.twitter.com guest_id=v1%3A157291891503408133; Max-Age=63072000; Expires=Thu, 4 Nov 2021 01:55:15 GMT; Path=/; Domain=.twitter.com] Strict-Transport-Security:[max-age=631138519] X-Connection-Hash:[4980ac9a522b2d7bca35676e4c19d479] X-Content-Type-Options:[nosniff] X-Frame-Options:[SAMEORIGIN] X-Response-Time:[455] X-Tsa-Request-Body-Time:[0] X-Xss-Protection:[0]] 0xc0000c97d0 -1 [] false true map[] 0xc0000d2600 0xc0000e6370}
Registering webhook... dev
path,hook_url https://api.twitter.com/1.1/account_activity/all/dev/webhooks.json https://2f6cf468.ngrok.io/webhook/twitter
resp &{400 Bad Request 400 HTTP/2.0 2 0 map[Cache-Control:[no-cache, no-store, must-revalidate, pre-check=0, post-check=0] Content-Disposition:[attachment; filename=json.json] Content-Type:[application/json; charset=utf-8] Date:[Tue, 05 Nov 2019 02:30:44 GMT] Expires:[Tue, 31 Mar 1981 05:00:00 GMT] Last-Modified:[Tue, 05 Nov 2019 02:30:44 GMT] Pragma:[no-cache] Server:[tsa_a] Set-Cookie:[personalization_id="v1_g1yPDg1eBecx8fnm6NbwyQ=="; Max-Age=63072000; Expires=Thu, 4 Nov 2021 02:30:44 GMT; Path=/; Domain=.twitter.com guest_id=v1%3A157292104399555312; Max-Age=63072000; Expires=Thu, 4 Nov 2021 02:30:44 GMT; Path=/; Domain=.twitter.com] Strict-Transport-Security:[max-age=631138519] X-Connection-Hash:[114af2e470609b24a386b2a78b582797] X-Content-Type-Options:[nosniff] X-Frame-Options:[SAMEORIGIN] X-Response-Time:[459] X-Tsa-Request-Body-Time:[0] X-Xss-Protection:[0]] 0xc0001ec360 -1 [] false true map[] 0xc0000d6600 0xc0001a20b0}
Registering webhook... dev
path,hook_url https://api.twitter.com/1.1/account_activity/dev/webhooks.json https://2f6cf468.ngrok.io/webhook/twitter
resp &{404 Not Found 404 HTTP/2.0 2 0 map[Content-Type:[application/json;charset=utf-8] Date:[Tue, 05 Nov 2019 02:36:07 GMT] Server:[tsa_a] Set-Cookie:[personalization_id="v1_KSYMtmDILPIE11mKkJBcHA=="; Max-Age=63072000; Expires=Thu, 4 Nov 2021 02:36:07 GMT; Path=/; Domain=.twitter.com guest_id=v1%3A157292136772939680; Max-Age=63072000; Expires=Thu, 4 Nov 2021 02:36:07 GMT; Path=/; Domain=.twitter.com] Strict-Transport-Security:[max-age=631138519] X-Connection-Hash:[24bab721c647a1ca24d6197e6cd5ad5c] X-Response-Time:[6] X-Tsa-Request-Body-Time:[0]] 0xc0000cb4d0 -1 [] false true map[] 0xc0000d4500 0xc0001660b0}
Registering webhook... dev
Registering webhook... dev
Registering webhook... dev
Registering webhook... dev
path,hook_url https://api.twitter.com/1.1/account_activity/all/dev/webhooks.json https://2f6cf468.ngrok.io/webhook/twitter
resp &{200 OK 200 HTTP/2.0 2 0 map[Cache-Control:[no-cache, no-store, must-revalidate, pre-check=0, post-check=0] Content-Disposition:[attachment; filename=json.json] Content-Type:[application/json; charset=utf-8] Date:[Tue, 05 Nov 2019 02:56:50 GMT] Expires:[Tue, 31 Mar 1981 05:00:00 GMT] Last-Modified:[Tue, 05 Nov 2019 02:56:50 GMT] Pragma:[no-cache] Server:[tsa_a] Set-Cookie:[personalization_id="v1_jdA35yyyo+vtyoccupr/0A=="; Max-Age=63072000; Expires=Thu, 4 Nov 2021 02:56:50 GMT; Path=/; Domain=.twitter.com guest_id=v1%3A157292261042151787; Max-Age=63072000; Expires=Thu, 4 Nov 2021 02:56:50 GMT; Path=/; Domain=.twitter.com] Strict-Transport-Security:[max-age=631138519] X-Connection-Hash:[aa605d93dcfe7ba1905537d957fe11d2] X-Content-Type-Options:[nosniff] X-Frame-Options:[SAMEORIGIN] X-Response-Time:[432] X-Tsa-Request-Body-Time:[1] X-Twitter-Response-Tags:[BouncerCompliant] X-Xss-Protection:[0]] 0xc0000ac7e0 -1 [] false true map[] 0xc00019e100 0xc0003b00b0}
Webhook id of 1191549907141722112 has been registered
Handler called
Handler called
Handler called
Handler called
